TN:
SF:src/controllers/clientController.js
FN:4,exports.criarCliente
FN:18,exports.listarClientes
FN:28,exports.buscarCliente
FN:39,exports.atualizarCliente
FN:58,exports.deletarCliente
FNF:5
FNH:3
FNDA:4,exports.criarCliente
FNDA:2,exports.listarClientes
FNDA:0,exports.buscarCliente
FNDA:4,exports.atualizarCliente
FNDA:0,exports.deletarCliente
DA:1,1
DA:2,1
DA:3,1
DA:4,1
DA:5,4
DA:6,4
DA:7,4
DA:8,2
DA:9,2
DA:10,2
DA:11,1
DA:12,1
DA:13,1
DA:14,1
DA:15,4
DA:16,1
DA:17,1
DA:18,1
DA:19,2
DA:20,2
DA:21,1
DA:22,1
DA:23,1
DA:24,1
DA:25,2
DA:26,1
DA:27,1
DA:28,1
DA:29,0
DA:30,0
DA:31,0
DA:32,0
DA:33,0
DA:34,0
DA:35,0
DA:36,0
DA:37,1
DA:38,1
DA:39,1
DA:40,4
DA:41,4
DA:42,4
DA:43,0
DA:44,0
DA:45,4
DA:46,4
DA:47,4
DA:48,4
DA:49,4
DA:50,4
DA:51,3
DA:52,4
DA:53,0
DA:54,0
DA:55,4
DA:56,1
DA:57,1
DA:58,1
DA:59,0
DA:60,0
DA:61,0
DA:62,0
DA:63,0
DA:64,0
DA:65,0
DA:66,0
LF:66
LH:46
BRDA:4,0,0,4
BRDA:7,1,0,3
BRDA:7,2,0,2
BRDA:10,3,0,1
BRDA:18,4,0,2
BRDA:20,5,0,1
BRDA:39,6,0,4
BRDA:42,7,0,0
BRDA:50,8,0,1
BRDA:50,9,0,3
BRDA:52,10,0,0
BRF:11
BRH:9
end_of_record
TN:
SF:src/models/clientModel.js
FNF:0
FNH:0
DA:1,1
DA:2,1
DA:3,1
DA:4,1
DA:5,1
DA:6,1
DA:7,1
DA:8,1
DA:9,1
DA:10,1
DA:11,1
DA:12,1
DA:13,1
DA:14,1
DA:15,1
DA:16,1
DA:17,1
DA:18,1
DA:19,1
LF:19
LH:19
BRF:0
BRH:0
end_of_record
